<?xml version="1.0" encoding="UTF-8"?>
<testsuite xmlns:xsi="http://www.w3.org/2001/XMLSchema-instance" xsi:noNamespaceSchemaLocation="https://maven.apache.org/surefire/maven-surefire-plugin/xsd/surefire-test-report.xsd" name="test.users.UserTests" time="16.637" tests="4" errors="0" skipped="0" failures="0">
  <properties>
[...]
</properties>
  <testcase name="CreateNewUser_ValidUser_ReturnOk" classname="test.users.UserTests" time="12.371"/>
  <testcase name="GetUserByUsername_ValidUser_ReturnOk" classname="test.users.UserTests" time="0.865"/>
  <testcase name="DeleteUser_ValidUser_ReturnOk" classname="test.users.UserTests" time="0.834"/>
  <testcase name="CreateNewUser_InvalidUser_ReturnBadRequest" classname="test.users.UserTests" time="0.983"/>
</testsuite>